{"/Users/chetangupta/Desktop/alter assignment/src/config/index.js": {"path":"/Users/chetangupta/Desktop/alter assignment/src/config/index.js","statementMap":{"0":{"start":{"line":1,"column":0},"end":{"line":1,"column":27}},"1":{"start":{"line":2,"column":0},"end":{"line":15,"column":2}}},"fnMap":{},"branchMap":{"0":{"loc":{"start":{"line":10,"column":14},"end":{"line":10,"column":51}},"type":"binary-expr","locations":[{"start":{"line":10,"column":14},"end":{"line":10,"column":36}},{"start":{"line":10,"column":40},"end":{"line":10,"column":51}}],"line":10},"1":{"loc":{"start":{"line":11,"column":23},"end":{"line":11,"column":55}},"type":"binary-expr","locations":[{"start":{"line":11,"column":23},"end":{"line":11,"column":45}},{"start":{"line":11,"column":49},"end":{"line":11,"column":55}}],"line":11},"2":{"loc":{"start":{"line":12,"column":18},"end":{"line":12,"column":50}},"type":"binary-expr","locations":[{"start":{"line":12,"column":18},"end":{"line":12,"column":44}},{"start":{"line":12,"column":48},"end":{"line":12,"column":50}}],"line":12},"3":{"loc":{"start":{"line":13,"column":13},"end":{"line":13,"column":67}},"type":"cond-expr","locations":[{"start":{"line":13,"column":53},"end":{"line":13,"column":55}},{"start":{"line":13,"column":58},"end":{"line":13,"column":67}}],"line":13}},"s":{"0":1,"1":1},"f":{},"b":{"0":[1,0],"1":[1,0],"2":[1,0],"3":[0,1]},"_coverageSchema":"1a1c01bbd47fc00a2c39e90264f33305004495a9","hash":"1e25f543e30ba7f8435841764cfd1e29ec7b9f33"}
,"/Users/chetangupta/Desktop/alter assignment/src/middleware/auth.js": {"path":"/Users/chetangupta/Desktop/alter assignment/src/middleware/auth.js","statementMap":{"0":{"start":{"line":9,"column":24},"end":{"line":17,"column":1}},"1":{"start":{"line":10,"column":4},"end":{"line":12,"column":5}},"2":{"start":{"line":11,"column":8},"end":{"line":11,"column":22}},"3":{"start":{"line":13,"column":4},"end":{"line":16,"column":7}},"4":{"start":{"line":20,"column":0},"end":{"line":23,"column":2}}},"fnMap":{"0":{"name":"(anonymous_0)","decl":{"start":{"line":9,"column":24},"end":{"line":9,"column":25}},"loc":{"start":{"line":9,"column":44},"end":{"line":17,"column":1}},"line":9}},"branchMap":{"0":{"loc":{"start":{"line":10,"column":4},"end":{"line":12,"column":5}},"type":"if","locations":[{"start":{"line":10,"column":4},"end":{"line":12,"column":5}},{"start":{},"end":{}}],"line":10}},"s":{"0":1,"1":4,"2":0,"3":4,"4":1},"f":{"0":4},"b":{"0":[0,4]},"_coverageSchema":"1a1c01bbd47fc00a2c39e90264f33305004495a9","hash":"93e6d268cfca2c8e9afa31e1db521540bed2e96b"}
,"/Users/chetangupta/Desktop/alter assignment/src/middleware/rateLimiter.js": {"path":"/Users/chetangupta/Desktop/alter assignment/src/middleware/rateLimiter.js","statementMap":{"0":{"start":{"line":1,"column":18},"end":{"line":1,"column":47}},"1":{"start":{"line":3,"column":20},"end":{"line":10,"column":2}},"2":{"start":{"line":12,"column":0},"end":{"line":12,"column":65}},"3":{"start":{"line":12,"column":37},"end":{"line":12,"column":64}}},"fnMap":{"0":{"name":"(anonymous_0)","decl":{"start":{"line":12,"column":17},"end":{"line":12,"column":18}},"loc":{"start":{"line":12,"column":37},"end":{"line":12,"column":64}},"line":12}},"branchMap":{},"s":{"0":1,"1":1,"2":1,"3":11},"f":{"0":11},"b":{},"_coverageSchema":"1a1c01bbd47fc00a2c39e90264f33305004495a9","hash":"6f98f0df79ec795fbeb378d78020f30e95da7efc"}
,"/Users/chetangupta/Desktop/alter assignment/src/models/userModel.js": {"path":"/Users/chetangupta/Desktop/alter assignment/src/models/userModel.js","statementMap":{"0":{"start":{"line":1,"column":17},"end":{"line":1,"column":36}},"1":{"start":{"line":3,"column":19},"end":{"line":85,"column":2}},"2":{"start":{"line":15,"column":27},"end":{"line":15,"column":49}},"3":{"start":{"line":88,"column":0},"end":{"line":88,"column":31}},"4":{"start":{"line":89,"column":0},"end":{"line":89,"column":34}},"5":{"start":{"line":90,"column":0},"end":{"line":90,"column":32}},"6":{"start":{"line":92,"column":13},"end":{"line":92,"column":47}},"7":{"start":{"line":94,"column":0},"end":{"line":94,"column":22}}},"fnMap":{"0":{"name":"(anonymous_0)","decl":{"start":{"line":15,"column":14},"end":{"line":15,"column":15}},"loc":{"start":{"line":15,"column":25},"end":{"line":15,"column":51}},"line":15}},"branchMap":{},"s":{"0":1,"1":1,"2":0,"3":1,"4":1,"5":1,"6":1,"7":1},"f":{"0":0},"b":{},"_coverageSchema":"1a1c01bbd47fc00a2c39e90264f33305004495a9","hash":"5b53ce287082e3be460b997201a2dfed1167b71b"}
,"/Users/chetangupta/Desktop/alter assignment/src/routes/auth.js": {"path":"/Users/chetangupta/Desktop/alter assignment/src/routes/auth.js","statementMap":{"0":{"start":{"line":1,"column":16},"end":{"line":1,"column":34}},"1":{"start":{"line":2,"column":17},"end":{"line":2,"column":36}},"2":{"start":{"line":3,"column":23},"end":{"line":3,"column":66}},"3":{"start":{"line":4,"column":15},"end":{"line":4,"column":31}},"4":{"start":{"line":5,"column":13},"end":{"line":5,"column":43}},"5":{"start":{"line":6,"column":28},"end":{"line":6,"column":57}},"6":{"start":{"line":7,"column":15},"end":{"line":7,"column":41}},"7":{"start":{"line":8,"column":15},"end":{"line":8,"column":32}},"8":{"start":{"line":11,"column":0},"end":{"line":39,"column":4}},"9":{"start":{"line":17,"column":4},"end":{"line":38,"column":5}},"10":{"start":{"line":19,"column":19},"end":{"line":19,"column":63}},"11":{"start":{"line":21,"column":8},"end":{"line":33,"column":9}},"12":{"start":{"line":23,"column":12},"end":{"line":32,"column":15}},"13":{"start":{"line":35,"column":8},"end":{"line":35,"column":32}},"14":{"start":{"line":37,"column":8},"end":{"line":37,"column":33}},"15":{"start":{"line":42,"column":0},"end":{"line":45,"column":3}},"16":{"start":{"line":43,"column":4},"end":{"line":43,"column":43}},"17":{"start":{"line":44,"column":4},"end":{"line":44,"column":24}},"18":{"start":{"line":48,"column":0},"end":{"line":56,"column":3}},"19":{"start":{"line":49,"column":4},"end":{"line":55,"column":5}},"20":{"start":{"line":50,"column":21},"end":{"line":50,"column":44}},"21":{"start":{"line":51,"column":8},"end":{"line":51,"column":48}},"22":{"start":{"line":52,"column":8},"end":{"line":52,"column":25}},"23":{"start":{"line":54,"column":8},"end":{"line":54,"column":26}},"24":{"start":{"line":59,"column":0},"end":{"line":76,"column":3}},"25":{"start":{"line":61,"column":4},"end":{"line":75,"column":5}},"26":{"start":{"line":62,"column":49},"end":{"line":62,"column":57}},"27":{"start":{"line":63,"column":8},"end":{"line":65,"column":9}},"28":{"start":{"line":64,"column":12},"end":{"line":64,"column":80}},"29":{"start":{"line":66,"column":8},"end":{"line":68,"column":9}},"30":{"start":{"line":67,"column":12},"end":{"line":67,"column":76}},"31":{"start":{"line":69,"column":31},"end":{"line":69,"column":62}},"32":{"start":{"line":70,"column":21},"end":{"line":70,"column":79}},"33":{"start":{"line":71,"column":8},"end":{"line":71,"column":26}},"34":{"start":{"line":72,"column":8},"end":{"line":72,"column":81}},"35":{"start":{"line":74,"column":8},"end":{"line":74,"column":20}},"36":{"start":{"line":79,"column":0},"end":{"line":98,"column":3}},"37":{"start":{"line":80,"column":4},"end":{"line":97,"column":5}},"38":{"start":{"line":81,"column":36},"end":{"line":81,"column":44}},"39":{"start":{"line":82,"column":21},"end":{"line":82,"column":50}},"40":{"start":{"line":83,"column":8},"end":{"line":85,"column":9}},"41":{"start":{"line":84,"column":12},"end":{"line":84,"column":76}},"42":{"start":{"line":86,"column":22},"end":{"line":86,"column":67}},"43":{"start":{"line":87,"column":8},"end":{"line":89,"column":9}},"44":{"start":{"line":88,"column":12},"end":{"line":88,"column":76}},"45":{"start":{"line":91,"column":8},"end":{"line":94,"column":11}},"46":{"start":{"line":92,"column":12},"end":{"line":92,"column":38}},"47":{"start":{"line":92,"column":21},"end":{"line":92,"column":38}},"48":{"start":{"line":93,"column":12},"end":{"line":93,"column":79}},"49":{"start":{"line":96,"column":8},"end":{"line":96,"column":20}},"50":{"start":{"line":101,"column":0},"end":{"line":105,"column":2}},"51":{"start":{"line":108,"column":0},"end":{"line":126,"column":2}},"52":{"start":{"line":114,"column":8},"end":{"line":124,"column":9}},"53":{"start":{"line":116,"column":12},"end":{"line":118,"column":15}},"54":{"start":{"line":119,"column":12},"end":{"line":119,"column":60}},"55":{"start":{"line":121,"column":12},"end":{"line":121,"column":56}},"56":{"start":{"line":122,"column":12},"end":{"line":122,"column":75}},"57":{"start":{"line":129,"column":0},"end":{"line":143,"column":3}},"58":{"start":{"line":130,"column":4},"end":{"line":130,"column":49}},"59":{"start":{"line":131,"column":4},"end":{"line":142,"column":7}},"60":{"start":{"line":146,"column":0},"end":{"line":158,"column":3}},"61":{"start":{"line":147,"column":4},"end":{"line":147,"column":37}},"62":{"start":{"line":148,"column":4},"end":{"line":157,"column":7}},"63":{"start":{"line":149,"column":8},"end":{"line":151,"column":9}},"64":{"start":{"line":150,"column":12},"end":{"line":150,"column":74}},"65":{"start":{"line":152,"column":8},"end":{"line":156,"column":11}},"66":{"start":{"line":154,"column":12},"end":{"line":154,"column":58}},"67":{"start":{"line":155,"column":12},"end":{"line":155,"column":61}},"68":{"start":{"line":161,"column":0},"end":{"line":168,"column":3}},"69":{"start":{"line":162,"column":4},"end":{"line":162,"column":41}},"70":{"start":{"line":163,"column":4},"end":{"line":163,"column":60}},"71":{"start":{"line":164,"column":4},"end":{"line":167,"column":7}},"72":{"start":{"line":171,"column":0},"end":{"line":195,"column":3}},"73":{"start":{"line":172,"column":4},"end":{"line":172,"column":38}},"74":{"start":{"line":175,"column":4},"end":{"line":180,"column":5}},"75":{"start":{"line":176,"column":8},"end":{"line":179,"column":11}},"76":{"start":{"line":183,"column":4},"end":{"line":188,"column":5}},"77":{"start":{"line":184,"column":8},"end":{"line":187,"column":11}},"78":{"start":{"line":191,"column":4},"end":{"line":194,"column":7}},"79":{"start":{"line":197,"column":0},"end":{"line":197,"column":24}}},"fnMap":{"0":{"name":"(anonymous_0)","decl":{"start":{"line":16,"column":3},"end":{"line":16,"column":4}},"loc":{"start":{"line":16,"column":60},"end":{"line":39,"column":1}},"line":16},"1":{"name":"(anonymous_1)","decl":{"start":{"line":42,"column":23},"end":{"line":42,"column":24}},"loc":{"start":{"line":42,"column":39},"end":{"line":45,"column":1}},"line":42},"2":{"name":"(anonymous_2)","decl":{"start":{"line":48,"column":25},"end":{"line":48,"column":26}},"loc":{"start":{"line":48,"column":45},"end":{"line":56,"column":1}},"line":48},"3":{"name":"(anonymous_3)","decl":{"start":{"line":59,"column":25},"end":{"line":59,"column":26}},"loc":{"start":{"line":59,"column":51},"end":{"line":76,"column":1}},"line":59},"4":{"name":"(anonymous_4)","decl":{"start":{"line":79,"column":22},"end":{"line":79,"column":23}},"loc":{"start":{"line":79,"column":48},"end":{"line":98,"column":1}},"line":79},"5":{"name":"(anonymous_5)","decl":{"start":{"line":91,"column":24},"end":{"line":91,"column":25}},"loc":{"start":{"line":91,"column":33},"end":{"line":94,"column":9}},"line":91},"6":{"name":"(anonymous_6)","decl":{"start":{"line":113,"column":4},"end":{"line":113,"column":5}},"loc":{"start":{"line":113,"column":24},"end":{"line":125,"column":5}},"line":113},"7":{"name":"(anonymous_7)","decl":{"start":{"line":129,"column":39},"end":{"line":129,"column":40}},"loc":{"start":{"line":129,"column":53},"end":{"line":143,"column":1}},"line":129},"8":{"name":"(anonymous_8)","decl":{"start":{"line":146,"column":22},"end":{"line":146,"column":23}},"loc":{"start":{"line":146,"column":36},"end":{"line":158,"column":1}},"line":146},"9":{"name":"(anonymous_9)","decl":{"start":{"line":148,"column":15},"end":{"line":148,"column":16}},"loc":{"start":{"line":148,"column":29},"end":{"line":157,"column":5}},"line":148},"10":{"name":"(anonymous_10)","decl":{"start":{"line":152,"column":28},"end":{"line":152,"column":29}},"loc":{"start":{"line":152,"column":34},"end":{"line":156,"column":9}},"line":152},"11":{"name":"(anonymous_11)","decl":{"start":{"line":161,"column":29},"end":{"line":161,"column":30}},"loc":{"start":{"line":161,"column":43},"end":{"line":168,"column":1}},"line":161},"12":{"name":"(anonymous_12)","decl":{"start":{"line":171,"column":11},"end":{"line":171,"column":12}},"loc":{"start":{"line":171,"column":36},"end":{"line":195,"column":1}},"line":171}},"branchMap":{"0":{"loc":{"start":{"line":21,"column":8},"end":{"line":33,"column":9}},"type":"if","locations":[{"start":{"line":21,"column":8},"end":{"line":33,"column":9}},{"start":{},"end":{}}],"line":21},"1":{"loc":{"start":{"line":27,"column":27},"end":{"line":27,"column":56}},"type":"binary-expr","locations":[{"start":{"line":27,"column":27},"end":{"line":27,"column":50}},{"start":{"line":27,"column":54},"end":{"line":27,"column":56}}],"line":27},"2":{"loc":{"start":{"line":28,"column":26},"end":{"line":28,"column":56}},"type":"binary-expr","locations":[{"start":{"line":28,"column":26},"end":{"line":28,"column":50}},{"start":{"line":28,"column":54},"end":{"line":28,"column":56}}],"line":28},"3":{"loc":{"start":{"line":29,"column":32},"end":{"line":29,"column":62}},"type":"binary-expr","locations":[{"start":{"line":29,"column":32},"end":{"line":29,"column":56}},{"start":{"line":29,"column":60},"end":{"line":29,"column":62}}],"line":29},"4":{"loc":{"start":{"line":63,"column":8},"end":{"line":65,"column":9}},"type":"if","locations":[{"start":{"line":63,"column":8},"end":{"line":65,"column":9}},{"start":{},"end":{}}],"line":63},"5":{"loc":{"start":{"line":63,"column":12},"end":{"line":63,"column":47}},"type":"binary-expr","locations":[{"start":{"line":63,"column":12},"end":{"line":63,"column":18}},{"start":{"line":63,"column":22},"end":{"line":63,"column":31}},{"start":{"line":63,"column":35},"end":{"line":63,"column":47}}],"line":63},"6":{"loc":{"start":{"line":66,"column":8},"end":{"line":68,"column":9}},"type":"if","locations":[{"start":{"line":66,"column":8},"end":{"line":68,"column":9}},{"start":{},"end":{}}],"line":66},"7":{"loc":{"start":{"line":83,"column":8},"end":{"line":85,"column":9}},"type":"if","locations":[{"start":{"line":83,"column":8},"end":{"line":85,"column":9}},{"start":{},"end":{}}],"line":83},"8":{"loc":{"start":{"line":83,"column":12},"end":{"line":83,"column":35}},"type":"binary-expr","locations":[{"start":{"line":83,"column":12},"end":{"line":83,"column":17}},{"start":{"line":83,"column":21},"end":{"line":83,"column":35}}],"line":83},"9":{"loc":{"start":{"line":87,"column":8},"end":{"line":89,"column":9}},"type":"if","locations":[{"start":{"line":87,"column":8},"end":{"line":89,"column":9}},{"start":{},"end":{}}],"line":87},"10":{"loc":{"start":{"line":92,"column":12},"end":{"line":92,"column":38}},"type":"if","locations":[{"start":{"line":92,"column":12},"end":{"line":92,"column":38}},{"start":{},"end":{}}],"line":92},"11":{"loc":{"start":{"line":149,"column":8},"end":{"line":151,"column":9}},"type":"if","locations":[{"start":{"line":149,"column":8},"end":{"line":151,"column":9}},{"start":{},"end":{}}],"line":149},"12":{"loc":{"start":{"line":166,"column":14},"end":{"line":166,"column":30}},"type":"binary-expr","locations":[{"start":{"line":166,"column":14},"end":{"line":166,"column":22}},{"start":{"line":166,"column":26},"end":{"line":166,"column":30}}],"line":166},"13":{"loc":{"start":{"line":175,"column":4},"end":{"line":180,"column":5}},"type":"if","locations":[{"start":{"line":175,"column":4},"end":{"line":180,"column":5}},{"start":{},"end":{}}],"line":175},"14":{"loc":{"start":{"line":183,"column":4},"end":{"line":188,"column":5}},"type":"if","locations":[{"start":{"line":183,"column":4},"end":{"line":188,"column":5}},{"start":{},"end":{}}],"line":183},"15":{"loc":{"start":{"line":193,"column":17},"end":{"line":193,"column":95}},"type":"cond-expr","locations":[{"start":{"line":193,"column":58},"end":{"line":193,"column":69}},{"start":{"line":193,"column":72},"end":{"line":193,"column":95}}],"line":193}},"s":{"0":1,"1":1,"2":1,"3":1,"4":1,"5":1,"6":1,"7":1,"8":1,"9":0,"10":0,"11":0,"12":0,"13":0,"14":0,"15":1,"16":1,"17":1,"18":1,"19":1,"20":1,"21":0,"22":0,"23":1,"24":1,"25":0,"26":0,"27":0,"28":0,"29":0,"30":0,"31":0,"32":0,"33":0,"34":0,"35":0,"36":1,"37":0,"38":0,"39":0,"40":0,"41":0,"42":0,"43":0,"44":0,"45":0,"46":0,"47":0,"48":0,"49":0,"50":1,"51":1,"52":0,"53":0,"54":0,"55":0,"56":0,"57":1,"58":0,"59":0,"60":1,"61":2,"62":2,"63":2,"64":0,"65":2,"66":2,"67":2,"68":1,"69":0,"70":0,"71":0,"72":1,"73":0,"74":0,"75":0,"76":0,"77":0,"78":0,"79":1},"f":{"0":0,"1":1,"2":1,"3":0,"4":0,"5":0,"6":0,"7":0,"8":2,"9":2,"10":2,"11":0,"12":0},"b":{"0":[0,0],"1":[0,0],"2":[0,0],"3":[0,0],"4":[0,0],"5":[0,0,0],"6":[0,0],"7":[0,0],"8":[0,0],"9":[0,0],"10":[0,0],"11":[0,2],"12":[0,0],"13":[0,0],"14":[0,0],"15":[0,0]},"_coverageSchema":"1a1c01bbd47fc00a2c39e90264f33305004495a9","hash":"b8f10e043c24386035c687411faed759877b1f58"}
}
