TN:
SF:src/config/index.js
FNF:0
FNH:0
DA:1,1
DA:2,1
LF:2
LH:2
BRDA:10,0,0,1
BRDA:10,0,1,0
BRDA:11,1,0,1
BRDA:11,1,1,0
BRDA:12,2,0,1
BRDA:12,2,1,0
BRDA:13,3,0,0
BRDA:13,3,1,1
BRF:8
BRH:4
end_of_record
TN:
SF:src/middleware/auth.js
FN:9,(anonymous_0)
FNF:1
FNH:1
FNDA:4,(anonymous_0)
DA:9,1
DA:10,4
DA:11,0
DA:13,4
DA:20,1
LF:5
LH:4
BRDA:10,0,0,0
BRDA:10,0,1,4
BRF:2
BRH:1
end_of_record
TN:
SF:src/middleware/rateLimiter.js
FN:12,(anonymous_0)
FNF:1
FNH:1
FNDA:11,(anonymous_0)
DA:1,1
DA:3,1
DA:12,11
LF:3
LH:3
BRF:0
BRH:0
end_of_record
TN:
SF:src/models/userModel.js
FN:15,(anonymous_0)
FNF:1
FNH:0
FNDA:0,(anonymous_0)
DA:1,1
DA:3,1
DA:15,0
DA:88,1
DA:89,1
DA:90,1
DA:92,1
DA:94,1
LF:8
LH:7
BRF:0
BRH:0
end_of_record
TN:
SF:src/routes/auth.js
FN:16,(anonymous_0)
FN:42,(anonymous_1)
FN:48,(anonymous_2)
FN:59,(anonymous_3)
FN:79,(anonymous_4)
FN:91,(anonymous_5)
FN:113,(anonymous_6)
FN:129,(anonymous_7)
FN:146,(anonymous_8)
FN:148,(anonymous_9)
FN:152,(anonymous_10)
FN:161,(anonymous_11)
FN:171,(anonymous_12)
FNF:13
FNH:5
FNDA:0,(anonymous_0)
FNDA:1,(anonymous_1)
FNDA:1,(anonymous_2)
FNDA:0,(anonymous_3)
FNDA:0,(anonymous_4)
FNDA:0,(anonymous_5)
FNDA:0,(anonymous_6)
FNDA:0,(anonymous_7)
FNDA:2,(anonymous_8)
FNDA:2,(anonymous_9)
FNDA:2,(anonymous_10)
FNDA:0,(anonymous_11)
FNDA:0,(anonymous_12)
DA:1,1
DA:2,1
DA:3,1
DA:4,1
DA:5,1
DA:6,1
DA:7,1
DA:8,1
DA:11,1
DA:17,0
DA:19,0
DA:21,0
DA:23,0
DA:35,0
DA:37,0
DA:42,1
DA:43,1
DA:44,1
DA:48,1
DA:49,1
DA:50,1
DA:51,0
DA:52,0
DA:54,1
DA:59,1
DA:61,0
DA:62,0
DA:63,0
DA:64,0
DA:66,0
DA:67,0
DA:69,0
DA:70,0
DA:71,0
DA:72,0
DA:74,0
DA:79,1
DA:80,0
DA:81,0
DA:82,0
DA:83,0
DA:84,0
DA:86,0
DA:87,0
DA:88,0
DA:91,0
DA:92,0
DA:93,0
DA:96,0
DA:101,1
DA:108,1
DA:114,0
DA:116,0
DA:119,0
DA:121,0
DA:122,0
DA:129,1
DA:130,0
DA:131,0
DA:146,1
DA:147,2
DA:148,2
DA:149,2
DA:150,0
DA:152,2
DA:154,2
DA:155,2
DA:161,1
DA:162,0
DA:163,0
DA:164,0
DA:171,1
DA:172,0
DA:175,0
DA:176,0
DA:183,0
DA:184,0
DA:191,0
DA:197,1
LF:79
LH:31
BRDA:21,0,0,0
BRDA:21,0,1,0
BRDA:27,1,0,0
BRDA:27,1,1,0
BRDA:28,2,0,0
BRDA:28,2,1,0
BRDA:29,3,0,0
BRDA:29,3,1,0
BRDA:63,4,0,0
BRDA:63,4,1,0
BRDA:63,5,0,0
BRDA:63,5,1,0
BRDA:63,5,2,0
BRDA:66,6,0,0
BRDA:66,6,1,0
BRDA:83,7,0,0
BRDA:83,7,1,0
BRDA:83,8,0,0
BRDA:83,8,1,0
BRDA:87,9,0,0
BRDA:87,9,1,0
BRDA:92,10,0,0
BRDA:92,10,1,0
BRDA:149,11,0,0
BRDA:149,11,1,2
BRDA:166,12,0,0
BRDA:166,12,1,0
BRDA:175,13,0,0
BRDA:175,13,1,0
BRDA:183,14,0,0
BRDA:183,14,1,0
BRDA:193,15,0,0
BRDA:193,15,1,0
BRF:33
BRH:1
end_of_record
